This is pdfTeX, Version 3.14159265-2.6-1.40.17 (MiKTeX 2.9 64-bit) (preloaded format=pdflatex 2016.11.14)  17 FEB 2017 08:57
entering extended mode
**./template-skripsi.tex
(template-skripsi.tex
LaTeX2e <2016/03/31> patch level 3
Babel <3.9r> and hyphenation patterns for 75 language(s) loaded.
(jtetiskripsi.cls
Document Class: jtetiskripsi 
("C:\Program Files\MiKTeX 2.9\tex\generic\babel\babel.sty"
Package: babel 2016/04/23 3.9r The Babel package

*************************************
* Local config file bblopts.cfg used
*
(C:\Users\User\AppData\Roaming\MiKTeX\2.9\tex\latex\arabi\bblopts.cfg
File: bblopts.cfg 2005/09/08 v0.1 add Arabic and Farsi to "declared" options of
 babel
)
("C:\Program Files\MiKTeX 2.9\tex\latex\babel-english\english.ldf"
Language: english 2012/08/20 v3.3p English support from the babel system

("C:\Program Files\MiKTeX 2.9\tex\generic\babel\babel.def"
File: babel.def 2016/04/23 3.9r Babel common definitions
\babel@savecnt=\count79
\U@D=\dimen102
)
\l@canadian = a dialect from \language\l@american 
\l@australian = a dialect from \language\l@british 
\l@newzealand = a dialect from \language\l@british 
)
(C:\Users\User\AppData\Roaming\MiKTeX\2.9\tex\latex\babel-bahasa\bahasai.ldf
Language: bahasa 2008/03/15 v1.0l Bahasa Indonesia support from the babel syste
m
))
("C:\Program Files\MiKTeX 2.9\tex\latex\tools\indentfirst.sty"
Package: indentfirst 1995/11/23 v1.03 Indent first paragraph (DPC)
)
(C:\Users\User\AppData\Roaming\MiKTeX\2.9\tex\latex\setspace\setspace.sty
Package: setspace 2011/12/19 v6.7a set line spacing
)
("C:\Program Files\MiKTeX 2.9\tex\latex\base\fontenc.sty"
Package: fontenc 2016/06/19 v1.99m Standard LaTeX package

("C:\Program Files\MiKTeX 2.9\tex\latex\base\t1enc.def"
File: t1enc.def 2016/06/19 v1.99m Standard LaTeX file
LaTeX Font Info:    Redeclaring font encoding T1 on input line 48.
))
("C:\Program Files\MiKTeX 2.9\tex\latex\psnfss\times.sty"
Package: times 2005/04/12 PSNFSS-v9.2a (SPQR) 
)
("C:\Program Files\MiKTeX 2.9\tex\latex\graphics\graphicx.sty"
Package: graphicx 2014/10/28 v1.0g Enhanced LaTeX Graphics (DPC,SPQR)

("C:\Program Files\MiKTeX 2.9\tex\latex\graphics\keyval.sty"
Package: keyval 2014/10/28 v1.15 key=value parser (DPC)
\KV@toks@=\toks14
)
("C:\Program Files\MiKTeX 2.9\tex\latex\graphics\graphics.sty"
Package: graphics 2016/07/10 v1.0t Standard LaTeX Graphics (DPC,SPQR)

("C:\Program Files\MiKTeX 2.9\tex\latex\graphics\trig.sty"
Package: trig 2016/01/03 v1.10 sin cos tan (DPC)
)
("C:\Program Files\MiKTeX 2.9\tex\latex\00miktex\graphics.cfg"
File: graphics.cfg 2016/06/04 v1.11 sample graphics configuration
)
Package graphics Info: Driver file: pdftex.def on input line 99.

("C:\Program Files\MiKTeX 2.9\tex\latex\graphics-def\pdftex.def"
File: pdftex.def 2016/07/10 v0.06j Graphics/color for pdfTeX

("C:\Program Files\MiKTeX 2.9\tex\generic\oberdiek\infwarerr.sty"
Package: infwarerr 2016/05/16 v1.4 Providing info/warning/error messages (HO)
)
("C:\Program Files\MiKTeX 2.9\tex\generic\oberdiek\ltxcmds.sty"
Package: ltxcmds 2016/05/16 v1.23 LaTeX kernel commands for general use (HO)
)
\Gread@gobject=\count80
))
\Gin@req@height=\dimen103
\Gin@req@width=\dimen104
)
("C:\Program Files\MiKTeX 2.9\tex\latex\base\latexsym.sty"
Package: latexsym 1998/08/17 v2.2e Standard LaTeX package (lasy symbols)
\symlasy=\mathgroup4
LaTeX Font Info:    Overwriting symbol font `lasy' in version `bold'
(Font)                  U/lasy/m/n --> U/lasy/b/n on input line 52.
)
("C:\Program Files\MiKTeX 2.9\tex\latex\geometry\geometry.sty"
Package: geometry 2010/09/12 v5.6 Page Geometry

("C:\Program Files\MiKTeX 2.9\tex\generic\oberdiek\ifpdf.sty"
Package: ifpdf 2016/05/14 v3.1 Provides the ifpdf switch
)
("C:\Program Files\MiKTeX 2.9\tex\generic\oberdiek\ifvtex.sty"
Package: ifvtex 2016/05/16 v1.6 Detect VTeX and its facilities (HO)
Package ifvtex Info: VTeX not detected.
)
("C:\Program Files\MiKTeX 2.9\tex\generic\ifxetex\ifxetex.sty"
Package: ifxetex 2010/09/12 v0.6 Provides ifxetex conditional
)
\Gm@cnth=\count81
\Gm@cntv=\count82
\c@Gm@tempcnt=\count83
\Gm@bindingoffset=\dimen105
\Gm@wd@mp=\dimen106
\Gm@odd@mp=\dimen107
\Gm@even@mp=\dimen108
\Gm@layoutwidth=\dimen109
\Gm@layoutheight=\dimen110
\Gm@layouthoffset=\dimen111
\Gm@layoutvoffset=\dimen112
\Gm@dimlist=\toks15

("C:\Program Files\MiKTeX 2.9\tex\latex\geometry\geometry.cfg"))
("C:\Program Files\MiKTeX 2.9\tex\latex\tools\verbatim.sty"
Package: verbatim 2014/10/28 v1.5q LaTeX2e package for verbatim enhancements
\every@verbatim=\toks16
\verbatim@line=\toks17
\verbatim@in@stream=\read1
)
("C:\Program Files\MiKTeX 2.9\tex\latex\tools\enumerate.sty"
Package: enumerate 2015/07/23 v3.00 enumerate extensions (DPC)
\@enLab=\toks18
)
(C:\Users\User\AppData\Roaming\MiKTeX\2.9\tex\latex\booktabs\booktabs.sty
Package: booktabs 2005/04/14 v1.61803 publication quality tables
\heavyrulewidth=\dimen113
\lightrulewidth=\dimen114
\cmidrulewidth=\dimen115
\belowrulesep=\dimen116
\belowbottomsep=\dimen117
\aboverulesep=\dimen118
\abovetopsep=\dimen119
\cmidrulesep=\dimen120
\cmidrulekern=\dimen121
\defaultaddspace=\dimen122
\@cmidla=\count84
\@cmidlb=\count85
\@aboverulesep=\dimen123
\@belowrulesep=\dimen124
\@thisruleclass=\count86
\@lastruleclass=\count87
\@thisrulewidth=\dimen125
)
("C:\Program Files\MiKTeX 2.9\tex\latex\xcolor\xcolor.sty"
Package: xcolor 2016/05/11 v2.12 LaTeX color extensions (UK)

("C:\Program Files\MiKTeX 2.9\tex\latex\00miktex\color.cfg"
File: color.cfg 2016/01/02 v1.6 sample color configuration
)
Package xcolor Info: Driver file: pdftex.def on input line 225.

(C:\Users\User\AppData\Roaming\MiKTeX\2.9\tex\latex\colortbl\colortbl.sty
Package: colortbl 2012/02/13 v1.0a Color table columns (DPC)

("C:\Program Files\MiKTeX 2.9\tex\latex\tools\array.sty"
Package: array 2014/10/28 v2.4c Tabular extension package (FMi)
\col@sep=\dimen126
\extrarowheight=\dimen127
\NC@list=\toks19
\extratabsurround=\skip41
\backup@length=\skip42
)
\everycr=\toks20
\minrowclearance=\skip43
)
\rownum=\count88
Package xcolor Info: Model `cmy' substituted by `cmy0' on input line 1348.
Package xcolor Info: Model `hsb' substituted by `rgb' on input line 1352.
Package xcolor Info: Model `RGB' extended on input line 1364.
Package xcolor Info: Model `HTML' substituted by `rgb' on input line 1366.
Package xcolor Info: Model `Hsb' substituted by `hsb' on input line 1367.
Package xcolor Info: Model `tHsb' substituted by `hsb' on input line 1368.
Package xcolor Info: Model `HSB' substituted by `hsb' on input line 1369.
Package xcolor Info: Model `Gray' substituted by `gray' on input line 1370.
Package xcolor Info: Model `wave' substituted by `hsb' on input line 1371.
)
("C:\Program Files\MiKTeX 2.9\tex\latex\multirow\multirow.sty"
\bigstrutjot=\dimen128
)
("C:\Program Files\MiKTeX 2.9\tex\latex\float\float.sty"
Package: float 2001/11/08 v1.3d Float enhancements (AL)
\c@float@type=\count89
\float@exts=\toks21
\float@box=\box26
\@float@everytoks=\toks22
\@floatcapt=\box27
)
("C:\Program Files\MiKTeX 2.9\tex\latex\base\report.cls"
Document Class: report 2014/09/29 v1.4h Standard LaTeX document class
("C:\Program Files\MiKTeX 2.9\tex\latex\base\size12.clo"
File: size12.clo 2014/09/29 v1.4h Standard LaTeX file (size option)
)
\c@part=\count90
\c@chapter=\count91
\c@section=\count92
\c@subsection=\count93
\c@subsubsection=\count94
\c@paragraph=\count95
\c@subparagraph=\count96
\c@figure=\count97
\c@table=\count98
\abovecaptionskip=\skip44
\belowcaptionskip=\skip45
\bibindent=\dimen129
))
(C:\Users\User\AppData\Roaming\MiKTeX\2.9\tex\latex\tocloft\tocloft.sty
Package: tocloft 2013/05/02 v2.3f parameterised ToC, etc., typesetting
Package tocloft Info: The document has chapter divisions on input line 44.
\cftparskip=\skip46
\cftbeforetoctitleskip=\skip47
\cftaftertoctitleskip=\skip48
\cftbeforepartskip=\skip49
\cftpartnumwidth=\skip50
\cftpartindent=\skip51
\cftbeforechapskip=\skip52
\cftchapindent=\skip53
\cftchapnumwidth=\skip54
\cftbeforesecskip=\skip55
\cftsecindent=\skip56
\cftsecnumwidth=\skip57
\cftbeforesubsecskip=\skip58
\cftsubsecindent=\skip59
\cftsubsecnumwidth=\skip60
\cftbeforesubsubsecskip=\skip61
\cftsubsubsecindent=\skip62
\cftsubsubsecnumwidth=\skip63
\cftbeforeparaskip=\skip64
\cftparaindent=\skip65
\cftparanumwidth=\skip66
\cftbeforesubparaskip=\skip67
\cftsubparaindent=\skip68
\cftsubparanumwidth=\skip69
\cftbeforeloftitleskip=\skip70
\cftafterloftitleskip=\skip71
\cftbeforefigskip=\skip72
\cftfigindent=\skip73
\cftfignumwidth=\skip74
\c@lofdepth=\count99
\c@lotdepth=\count100
\cftbeforelottitleskip=\skip75
\cftafterlottitleskip=\skip76
\cftbeforetabskip=\skip77
\cfttabindent=\skip78
\cfttabnumwidth=\skip79
)
("C:\Program Files\MiKTeX 2.9\tex\latex\hyperref\hyperref.sty"
Package: hyperref 2016/06/24 v6.83q Hypertext links for LaTeX

("C:\Program Files\MiKTeX 2.9\tex\generic\oberdiek\hobsub-hyperref.sty"
Package: hobsub-hyperref 2016/05/16 v1.14 Bundle oberdiek, subset hyperref (HO)


("C:\Program Files\MiKTeX 2.9\tex\generic\oberdiek\hobsub-generic.sty"
Package: hobsub-generic 2016/05/16 v1.14 Bundle oberdiek, subset generic (HO)
Package: hobsub 2016/05/16 v1.14 Construct package bundles (HO)
Package hobsub Info: Skipping package `infwarerr' (already loaded).
Package hobsub Info: Skipping package `ltxcmds' (already loaded).
Package: ifluatex 2016/05/16 v1.4 Provides the ifluatex switch (HO)
Package ifluatex Info: LuaTeX not detected.
Package hobsub Info: Skipping package `ifvtex' (already loaded).
Package: intcalc 2016/05/16 v1.2 Expandable calculations with integers (HO)
Package hobsub Info: Skipping package `ifpdf' (already loaded).
Package: etexcmds 2016/05/16 v1.6 Avoid name clashes with e-TeX commands (HO)
Package etexcmds Info: Could not find \expanded.
(etexcmds)             That can mean that you are not using pdfTeX 1.50 or
(etexcmds)             that some package has redefined \expanded.
(etexcmds)             In the latter case, load this package earlier.
Package: kvsetkeys 2016/05/16 v1.17 Key value parser (HO)
Package: kvdefinekeys 2016/05/16 v1.4 Define keys (HO)
Package: pdftexcmds 2016/05/21 v0.22 Utility functions of pdfTeX for LuaTeX (HO
)
Package pdftexcmds Info: LuaTeX not detected.
Package pdftexcmds Info: \pdf@primitive is available.
Package pdftexcmds Info: \pdf@ifprimitive is available.
Package pdftexcmds Info: \pdfdraftmode found.
Package: pdfescape 2016/05/16 v1.14 Implements pdfTeX's escape features (HO)
Package: bigintcalc 2016/05/16 v1.4 Expandable calculations on big integers (HO
)
Package: bitset 2016/05/16 v1.2 Handle bit-vector datatype (HO)
Package: uniquecounter 2016/05/16 v1.3 Provide unlimited unique counter (HO)
)
Package hobsub Info: Skipping package `hobsub' (already loaded).
Package: letltxmacro 2016/05/16 v1.5 Let assignment for LaTeX macros (HO)
Package: hopatch 2016/05/16 v1.3 Wrapper for package hooks (HO)
Package: xcolor-patch 2016/05/16 xcolor patch
Package: atveryend 2016/05/16 v1.9 Hooks at the very end of document (HO)
Package atveryend Info: \enddocument detected (standard20110627).
Package: atbegshi 2016/06/09 v1.18 At begin shipout hook (HO)
Package: refcount 2016/05/16 v3.5 Data extraction from label references (HO)
Package: hycolor 2016/05/16 v1.8 Color options for hyperref/bookmark (HO)
)
("C:\Program Files\MiKTeX 2.9\tex\latex\oberdiek\auxhook.sty"
Package: auxhook 2016/05/16 v1.4 Hooks for auxiliary files (HO)
)
("C:\Program Files\MiKTeX 2.9\tex\latex\oberdiek\kvoptions.sty"
Package: kvoptions 2016/05/16 v3.12 Key value format for package options (HO)
)
\@linkdim=\dimen130
\Hy@linkcounter=\count101
\Hy@pagecounter=\count102

("C:\Program Files\MiKTeX 2.9\tex\latex\hyperref\pd1enc.def"
File: pd1enc.def 2016/06/24 v6.83q Hyperref: PDFDocEncoding definition (HO)
)
\Hy@SavedSpaceFactor=\count103

("C:\Program Files\MiKTeX 2.9\tex\latex\00miktex\hyperref.cfg"
File: hyperref.cfg 2002/06/06 v1.2 hyperref configuration of TeXLive
)
Package hyperref Info: Hyper figures OFF on input line 4486.
Package hyperref Info: Link nesting OFF on input line 4491.
Package hyperref Info: Hyper index ON on input line 4494.
Package hyperref Info: Plain pages OFF on input line 4501.
Package hyperref Info: Backreferencing OFF on input line 4506.
Package hyperref Info: Implicit mode ON; LaTeX internals redefined.
Package hyperref Info: Bookmarks ON on input line 4735.
\c@Hy@tempcnt=\count104

(C:\Users\User\AppData\Roaming\MiKTeX\2.9\tex\latex\url\url.sty
\Urlmuskip=\muskip10
Package: url 2013/09/16  ver 3.4  Verb mode for urls, etc.
)
LaTeX Info: Redefining \url on input line 5088.
\XeTeXLinkMargin=\dimen131
\Fld@menulength=\count105
\Field@Width=\dimen132
\Fld@charsize=\dimen133
Package hyperref Info: Hyper figures OFF on input line 6342.
Package hyperref Info: Link nesting OFF on input line 6347.
Package hyperref Info: Hyper index ON on input line 6350.
Package hyperref Info: backreferencing OFF on input line 6357.
Package hyperref Info: Link coloring OFF on input line 6362.
Package hyperref Info: Link coloring with OCG OFF on input line 6367.
Package hyperref Info: PDF/A mode OFF on input line 6372.
LaTeX Info: Redefining \ref on input line 6412.
LaTeX Info: Redefining \pageref on input line 6416.
\Hy@abspage=\count106
\c@Item=\count107
\c@Hfootnote=\count108
)

Package hyperref Message: Driver (autodetected): hpdftex.

("C:\Program Files\MiKTeX 2.9\tex\latex\hyperref\hpdftex.def"
File: hpdftex.def 2016/06/24 v6.83q Hyperref driver for pdfTeX
\Fld@listcount=\count109
\c@bookmark@seq@number=\count110

("C:\Program Files\MiKTeX 2.9\tex\latex\oberdiek\rerunfilecheck.sty"
Package: rerunfilecheck 2016/05/16 v1.8 Rerun checks for auxiliary files (HO)
Package uniquecounter Info: New unique counter `rerunfilecheck' on input line 2
82.
)
\Hy@SectionHShift=\skip80
)
\mylenf=\skip81

(C:\Users\User\AppData\Roaming\MiKTeX\2.9\tex\latex\caption\caption.sty
Package: caption 2016/02/21 v3.3-144 Customizing captions (AR)

(C:\Users\User\AppData\Roaming\MiKTeX\2.9\tex\latex\caption\caption3.sty
Package: caption3 2016/05/22 v1.7-166 caption3 kernel (AR)
Package caption3 Info: TeX engine: e-TeX on input line 67.
\captionmargin=\dimen134
\captionmargin@=\dimen135
\captionwidth=\dimen136
\caption@tempdima=\dimen137
\caption@indent=\dimen138
\caption@parindent=\dimen139
\caption@hangindent=\dimen140
)
\c@ContinuedFloat=\count111
Package caption Info: float package is loaded.
Package caption Info: hyperref package is loaded.
)
(C:\Users\User\AppData\Roaming\MiKTeX\2.9\tex\latex\caption\subcaption.sty
Package: subcaption 2016/05/22 v1.1-161 Sub-captions (AR)
\c@subfigure=\count112
\c@subtable=\count113
)
(C:\Users\User\AppData\Roaming\MiKTeX\2.9\tex\latex\pdfpages\pdfpages.sty
Package: pdfpages 2017/01/14 v0.5h Insert pages of external PDF documents (AM)

("C:\Program Files\MiKTeX 2.9\tex\latex\base\ifthen.sty"
Package: ifthen 2014/09/29 v1.1c Standard LaTeX ifthen package (DPC)
)
("C:\Program Files\MiKTeX 2.9\tex\latex\tools\calc.sty"
Package: calc 2014/10/28 v4.3 Infix arithmetic (KKT,FJ)
\calc@Acount=\count114
\calc@Bcount=\count115
\calc@Adimen=\dimen141
\calc@Bdimen=\dimen142
\calc@Askip=\skip82
\calc@Bskip=\skip83
LaTeX Info: Redefining \setlength on input line 80.
LaTeX Info: Redefining \addtolength on input line 81.
\calc@Ccount=\count116
\calc@Cskip=\skip84
)
(C:\Users\User\AppData\Roaming\MiKTeX\2.9\tex\latex\eso-pic\eso-pic.sty
Package: eso-pic 2015/07/21 v2.0g eso-pic (RN)
)
\AM@pagewidth=\dimen143
\AM@pageheight=\dimen144

(C:\Users\User\AppData\Roaming\MiKTeX\2.9\tex\latex\pdfpages\pppdftex.def
File: pppdftex.def 2017/01/14 v0.5h Pdfpages driver for pdfTeX (AM)
)
\AM@pagebox=\box28
\AM@global@opts=\toks23
\AM@toc@title=\toks24
\c@AM@survey=\count117
\AM@templatesizebox=\box29
)
("C:\Program Files\MiKTeX 2.9\tex\latex\wrapfig\wrapfig.sty"
\wrapoverhang=\dimen145
\WF@size=\dimen146
\c@WF@wrappedlines=\count118
\WF@box=\box30
\WF@everypar=\toks25
Package: wrapfig 2003/01/31  v 3.6
)
(template-skripsi.aux (persetujuan.aux) (bab1.aux) (bab2.aux) (bab3.aux)
(bab4.aux) (bab5.aux) (lampiran.aux) (cv.aux))
\openout1 = `template-skripsi.aux'.

LaTeX Font Info:    Checking defaults for OML/cmm/m/it on input line 70.
LaTeX Font Info:    ... okay on input line 70.
LaTeX Font Info:    Checking defaults for T1/cmr/m/n on input line 70.
LaTeX Font Info:    ... okay on input line 70.
LaTeX Font Info:    Checking defaults for OT1/cmr/m/n on input line 70.
LaTeX Font Info:    ... okay on input line 70.
LaTeX Font Info:    Checking defaults for OMS/cmsy/m/n on input line 70.
LaTeX Font Info:    ... okay on input line 70.
LaTeX Font Info:    Checking defaults for OMX/cmex/m/n on input line 70.
LaTeX Font Info:    ... okay on input line 70.
LaTeX Font Info:    Checking defaults for U/cmr/m/n on input line 70.
LaTeX Font Info:    ... okay on input line 70.
LaTeX Font Info:    Checking defaults for PD1/pdf/m/n on input line 70.
LaTeX Font Info:    ... okay on input line 70.
LaTeX Font Info:    Try loading font information for T1+ptm on input line 70.

("C:\Program Files\MiKTeX 2.9\tex\latex\psnfss\t1ptm.fd"
File: t1ptm.fd 2001/06/04 font definitions for T1/ptm.
)
(C:\Users\User\AppData\Roaming\MiKTeX\2.9\tex\context\base\supp-pdf.mkii
[Loading MPS to PDF converter (version 2006.09.02).]
\scratchcounter=\count119
\scratchdimen=\dimen147
\scratchbox=\box31
\nofMPsegments=\count120
\nofMParguments=\count121
\everyMPshowfont=\toks26
\MPscratchCnt=\count122
\MPscratchDim=\dimen148
\MPnumerator=\count123
\makeMPintoPDFobject=\count124
\everyMPtoPDFconversion=\toks27
) ("C:\Program Files\MiKTeX 2.9\tex\latex\oberdiek\epstopdf-base.sty"
Package: epstopdf-base 2016/05/15 v2.6 Base part for package epstopdf

("C:\Program Files\MiKTeX 2.9\tex\latex\oberdiek\grfext.sty"
Package: grfext 2016/05/16 v1.2 Manage graphics extensions (HO)
)
Package epstopdf-base Info: Redefining graphics rule for `.eps' on input line 4
38.
Package grfext Info: Graphics extension search list:
(grfext)             [.png,.pdf,.jpg,.mps,.jpeg,.jbig2,.jb2,.PNG,.PDF,.JPG,.JPE
G,.JBIG2,.JB2,.eps]
(grfext)             \AppendGraphicsExtensions on input line 456.
)
*geometry* driver: auto-detecting
*geometry* detected driver: pdftex
*geometry* verbose mode - [ preamble ] result:
* pass: disregarded the geometry package!
* \paperwidth=597.50787pt
* \paperheight=845.04684pt
* \textwidth=406.87448pt
* \textheight=625.96062pt
* \oddsidemargin=41.54121pt
* \evensidemargin=41.54121pt
* \topmargin=-25.6073pt
* \headheight=12.0pt
* \headsep=65.44142pt
* \topskip=5.1654pt
* \footskip=42.67912pt
* \marginparwidth=0.0pt
* \marginparsep=0.0pt
* \columnsep=10.0pt
* \skip\footins=10.8pt plus 4.0pt minus 2.0pt
* \hoffset=0.0pt
* \voffset=0.0pt
* \mag=1000
* \@twocolumnfalse
* \@twosidefalse
* \@mparswitchfalse
* \@reversemarginfalse
* (1in=72.27pt=25.4mm, 1cm=28.453pt)

\AtBeginShipoutBox=\box32
Package hyperref Info: Link coloring OFF on input line 70.
("C:\Program Files\MiKTeX 2.9\tex\latex\hyperref\nameref.sty"
Package: nameref 2016/05/21 v2.44 Cross-referencing by name of section

("C:\Program Files\MiKTeX 2.9\tex\generic\oberdiek\gettitlestring.sty"
Package: gettitlestring 2016/05/16 v1.5 Cleanup title references (HO)
)
\c@section@level=\count125
)
LaTeX Info: Redefining \ref on input line 70.
LaTeX Info: Redefining \pageref on input line 70.
LaTeX Info: Redefining \nameref on input line 70.

(template-skripsi.out) (template-skripsi.out)
\@outlinefile=\write3
\openout3 = `template-skripsi.out'.

Package caption Info: Begin \AtBeginDocument code.
Package caption Info: wrapfig package is loaded.
Package caption Info: End \AtBeginDocument code.

("C:\Program Files\MiKTeX 2.9\tex\latex\oberdiek\pdflscape.sty"
Package: pdflscape 2016/05/14 v0.11 Display of landscape pages in PDF (HO)

("C:\Program Files\MiKTeX 2.9\tex\latex\graphics\lscape.sty"
Package: lscape 2000/10/22 v3.01 Landscape Pages (DPC)
)
Package pdflscape Info: Auto-detected driver: pdftex on input line 81.
)
LaTeX Font Info:    Font shape `T1/ptm/bx/n' in size <14> not available
(Font)              Font shape `T1/ptm/b/n' tried instead on input line 72.
LaTeX Font Info:    Font shape `T1/ptm/bx/it' in size <14> not available
(Font)              Font shape `T1/ptm/b/it' tried instead on input line 72.

<gambar/logounj_bw.png, id=242, 81.468pt x 81.468pt>
File: gambar/logounj_bw.png Graphic file (type png)

<use gambar/logounj_bw.png>
Package pdftex.def Info: gambar/logounj_bw.png used on input line 72.
(pdftex.def)             Requested size: 162.7473pt x 162.77646pt.
 [1

{C:/Users/User/AppData/Local/MiKTeX/2.9/pdftex/config/pdftex.map} <./gambar/log
ounj_bw.png>]
\openout2 = `persetujuan.aux'.

 (persetujuan.tex
LaTeX Font Info:    Font shape `T1/ptm/bx/n' in size <14.4> not available
(Font)              Font shape `T1/ptm/b/n' tried instead on input line 1.
LaTeX Font Info:    Font shape `T1/ptm/bx/n' in size <12> not available
(Font)              Font shape `T1/ptm/b/n' tried instead on input line 2.
LaTeX Font Info:    Font shape `T1/ptm/bx/it' in size <12> not available
(Font)              Font shape `T1/ptm/b/it' tried instead on input line 5.
LaTeX Font Info:    External font `cmex10' loaded for size
(Font)              <12> on input line 10.
LaTeX Font Info:    External font `cmex10' loaded for size
(Font)              <8> on input line 10.
LaTeX Font Info:    External font `cmex10' loaded for size
(Font)              <6> on input line 10.
LaTeX Font Info:    Try loading font information for U+lasy on input line 10.

("C:\Program Files\MiKTeX 2.9\tex\latex\base\ulasy.fd"
File: ulasy.fd 1998/08/17 v2.2e LaTeX symbol font definitions
)) [2


] [3


] [4

] [5]
(template-skripsi.toc [6

]
Overfull \hbox (0.84035pt too wide) in paragraph at lines 47--47
 [][] [][]\T1/ptm/m/n/12 Implementasi Me-to-de Per-tu-kar-an Da-ta an-ta-ra Apl
i-ka-si de-ngan 
 []

[7])
\tf@toc=\write4
\openout4 = `template-skripsi.toc'.

 [8] (template-skripsi.lof [9

] [10]
Overfull \hbox (3.42374pt too wide) in paragraph at lines 83--83
 [][] [][]\T1/ptm/m/n/12 Bagan Alur Ker-ja Yo-u-Tu-be-Pla-yer-Fra-gment pa-da s
e-bu-ah Acti- 
 []

[11])
\tf@lof=\write5
\openout5 = `template-skripsi.lof'.

 [12] (template-skripsi.lot)
\tf@lot=\write6
\openout6 = `template-skripsi.lot'.

 [13

] [14


]
LaTeX Font Info:    Font shape `T1/ptm/bx/it' in size <14.4> not available
(Font)              Font shape `T1/ptm/b/it' tried instead on input line 138.
 [15


]
\openout2 = `bab1.aux'.

 (bab1.tex
BAB I.
[1



]
Overfull \hbox (1.61798pt too wide) in paragraph at lines 20--22
\T1/ptm/m/n/12 Android da-pat me-la-kuk-an ber-ba-gai pe-ker-ja-an se-ka-li-gus
 da-lam sa-tu pon-sel. Bah-
 []


Overfull \hbox (0.17839pt too wide) in paragraph at lines 20--22
\T1/ptm/m/n/12 kan Sam-sung be-be-ra-pa wak-tu yang la-lu su-dah meng-e-lu-ark-
an fi-tur \T1/ptm/m/it/12 multi-window
 []

<gambar/kompas/utama.png, id=559, 1084.05pt x 1927.2pt>
File: gambar/kompas/utama.png Graphic file (type png)

<use gambar/kompas/utama.png>
Package pdftex.def Info: gambar/kompas/utama.png used on input line 31.
(pdftex.def)             Requested size: 122.06358pt x 216.99179pt.
 [2] [3 <./gambar/kompas/utama.png>]
LaTeX Font Info:    Try loading font information for OMS+ptm on input line 40.

("C:\Program Files\MiKTeX 2.9\tex\latex\psnfss\omsptm.fd"
File: omsptm.fd 
)
LaTeX Font Info:    Font shape `OMS/ptm/m/n' in size <12> not available
(Font)              Font shape `OMS/cmsy/m/n' tried instead on input line 40.

Overfull \hbox (6.30975pt too wide) in paragraph at lines 40--41
\T1/ptm/m/n/12 (\T1/ptm/m/it/12 In-te-gra-ted De-ve-lo-pment En-vi-ron-tment\T1
/ptm/m/n/12 ) An-dro-id Stu-dio. Pe-ne-li-ti me-mi-lih meng-
 []

[4]
Overfull \hbox (3.54987pt too wide) in paragraph at lines 52--53
[]\T1/ptm/m/n/12 Bagaimana ca-ra me-ngem-bang-kan apli-ka-si re-sep ma-sak-an t
er-in-te-gra-si \T1/ptm/m/it/12 fo-od chan-
 []

[5]) [6]
\openout2 = `bab2.aux'.

 (bab2.tex
BAB II.
[7



] <gambar/sdlc_overview.png, id=602, 575.90157pt x 74.52844pt>
File: gambar/sdlc_overview.png Graphic file (type png)

<use gambar/sdlc_overview.png>
Package pdftex.def Info: gambar/sdlc_overview.png used on input line 21.
(pdftex.def)             Requested size: 406.87448pt x 52.65627pt.

<gambar/sdlc_spiral_model.jpg, id=605, 562.1pt x 406.51875pt>
File: gambar/sdlc_spiral_model.jpg Graphic file (type jpg)

<use gambar/sdlc_spiral_model.jpg>
Package pdftex.def Info: gambar/sdlc_spiral_model.jpg used on input line 39.
(pdftex.def)             Requested size: 244.12717pt x 176.55508pt.
 [8 <./gambar/sdlc_overview.png>] [9 <./gambar/sdlc_spiral_model.jpg>] [10]
<gambar/use-case/aktor.png, id=630, 24.09pt x 77.53969pt>
File: gambar/use-case/aktor.png Graphic file (type png)

<use gambar/use-case/aktor.png>
Package pdftex.def Info: gambar/use-case/aktor.png used on input line 62.
(pdftex.def)             Requested size: 20.34496pt x 65.48544pt.

<gambar/use-case/balon.png, id=631, 130.98938pt x 66.2475pt>
File: gambar/use-case/balon.png Graphic file (type png)

<use gambar/use-case/balon.png>
Package pdftex.def Info: gambar/use-case/balon.png used on input line 69.
(pdftex.def)             Requested size: 162.7473pt x 82.31181pt.

<gambar/use-case/penghubung_aktor_sistem.png, id=632, 510.40688pt x 86.57344pt>
File: gambar/use-case/penghubung_aktor_sistem.png Graphic file (type png)
<use gambar/use-case/penghubung_aktor_sistem.png>
Package pdftex.def Info: gambar/use-case/penghubung_aktor_sistem.png used on in
put line 77.
(pdftex.def)             Requested size: 325.50082pt x 55.2126pt.
 [11 <./gambar/use-case/aktor.png> <./gambar/use-case/balon.png> <./gambar/use-
case/penghubung_aktor_sistem.png>] <gambar/use-case/include.png, id=641, 510.40
688pt x 231.11343pt>
File: gambar/use-case/include.png Graphic file (type png)

<use gambar/use-case/include.png>
Package pdftex.def Info: gambar/use-case/include.png used on input line 87.
(pdftex.def)             Requested size: 406.87448pt x 184.24211pt.

<gambar/use-case/extends.png, id=643, 510.40688pt x 218.31563pt>
File: gambar/use-case/extends.png Graphic file (type png)

<use gambar/use-case/extends.png>
Package pdftex.def Info: gambar/use-case/extends.png used on input line 94.
(pdftex.def)             Requested size: 406.87448pt x 174.03978pt.
 [12 <./gambar/use-case/include.png>]
<gambar/use-case/contoh-use-case.png, id=651, 510.40688pt x 362.85562pt>
File: gambar/use-case/contoh-use-case.png Graphic file (type png)

<use gambar/use-case/contoh-use-case.png>
Package pdftex.def Info: gambar/use-case/contoh-use-case.png used on input line
 101.
(pdftex.def)             Requested size: 406.87448pt x 289.26613pt.
 [13 <./gambar/use-case/extends.png>]
[14 <./gambar/use-case/contoh-use-case.png>]
<gambar/sample-activity-diagram.png, id=662, 612.03656pt x 280.79906pt>
File: gambar/sample-activity-diagram.png Graphic file (type png)

<use gambar/sample-activity-diagram.png>
Package pdftex.def Info: gambar/sample-activity-diagram.png used on input line 
118.
(pdftex.def)             Requested size: 406.87448pt x 186.66904pt.
 [15 <./gambar/sample-activity-diagram.png>] <gambar/sql/create.png, id=670, 22
4.33812pt x 115.18031pt>
File: gambar/sql/create.png Graphic file (type png)

<use gambar/sql/create.png>
Package pdftex.def Info: gambar/sql/create.png used on input line 129.
(pdftex.def)             Requested size: 162.7473pt x 83.56068pt.

<gambar/sql/select.png, id=671, 179.16937pt x 70.76437pt>
File: gambar/sql/select.png Graphic file (type png)

<use gambar/sql/select.png>
Package pdftex.def Info: gambar/sql/select.png used on input line 134.
(pdftex.def)             Requested size: 203.43724pt x 80.35475pt.

<gambar/sql/insert.png, id=672, 235.63031pt x 71.51718pt>
File: gambar/sql/insert.png Graphic file (type png)

<use gambar/sql/insert.png>
Package pdftex.def Info: gambar/sql/insert.png used on input line 139.
(pdftex.def)             Requested size: 203.43724pt x 61.74692pt.

<gambar/sql/update.png, id=673, 222.8325pt x 71.51718pt>
File: gambar/sql/update.png Graphic file (type png)

<use gambar/sql/update.png>
Package pdftex.def Info: gambar/sql/update.png used on input line 144.
(pdftex.def)             Requested size: 203.43724pt x 65.29243pt.
 [16 <./gambar/sql/create.png> <./gambar/sql/select.png> <./gambar/sql/insert.p
ng>]
<gambar/sql/delete.png, id=689, 212.29312pt x 32.37094pt>
File: gambar/sql/delete.png Graphic file (type png)

<use gambar/sql/delete.png>
Package pdftex.def Info: gambar/sql/delete.png used on input line 149.
(pdftex.def)             Requested size: 203.43724pt x 31.0219pt.

<gambar/sql/drop.png, id=690, 165.61874pt x 15.80907pt>
File: gambar/sql/drop.png Graphic file (type png)

<use gambar/sql/drop.png>
Package pdftex.def Info: gambar/sql/drop.png used on input line 154.
(pdftex.def)             Requested size: 203.43724pt x 19.41992pt.

<gambar/sql/join.png, id=691, 353.06906pt x 27.10126pt>
File: gambar/sql/join.png Graphic file (type png)

<use gambar/sql/join.png>
Package pdftex.def Info: gambar/sql/join.png used on input line 159.
(pdftex.def)             Requested size: 325.50082pt x 24.98514pt.
 <gambar/erd/erd.png, id=694, 513.92pt x 513.92pt>
File: gambar/erd/erd.png Graphic file (type png)

<use gambar/erd/erd.png>
Package pdftex.def Info: gambar/erd/erd.png used on input line 167.
(pdftex.def)             Requested size: 325.50082pt x 325.50433pt.

Overfull \hbox (13.02612pt too wide) in paragraph at lines 164--170
\T1/ptm/m/n/12 entitas-entitas ter-se-but de-ngan meng-gu-nak-an be-be-ra-pa no
-ta-si [[]]. Komponen-komponen
 []

[17 <./gambar/sql/update.png> <./gambar/sql/delete.png> <./gambar/sql/drop.png>
 <./gambar/sql/join.png>] [18 <./gambar/erd/erd.png>]
<gambar/erd/sample-erd.png, id=718, 786.68906pt x 264.99pt>
File: gambar/erd/sample-erd.png Graphic file (type png)

<use gambar/erd/sample-erd.png>
Package pdftex.def Info: gambar/erd/sample-erd.png used on input line 186.
(pdftex.def)             Requested size: 447.5644pt x 150.76282pt.

Overfull \hbox (40.68993pt too wide) in paragraph at lines 186--187
 [][] 
 []

[19] [20 <./gambar/erd/sample-erd.png>]
<gambar/stack-diagram-bab-2.png, id=732, 470.50781pt x 371.13657pt>
File: gambar/stack-diagram-bab-2.png Graphic file (type png)

<use gambar/stack-diagram-bab-2.png>
Package pdftex.def Info: gambar/stack-diagram-bab-2.png used on input line 199.

(pdftex.def)             Requested size: 406.87448pt x 320.94376pt.
 [21] [22 <./gambar/stack-diagram-bab-2.png>] [23] <gambar/api/api_chart.png, i
d=753, 544.28343pt x 146.79843pt>
File: gambar/api/api_chart.png Graphic file (type png)

<use gambar/api/api_chart.png>
Package pdftex.def Info: gambar/api/api_chart.png used on input line 229.
(pdftex.def)             Requested size: 406.87448pt x 109.73792pt.
 [24]
Overfull \hbox (2.35626pt too wide) in paragraph at lines 237--238
[]\T1/ptm/m/n/12 YouTube da-pat di-in-te-gra-sik-an ke da-lam se-bu-ah apli-ka-
si An-dro-id de-ngan meng-
 []

<gambar/api/youtube_api_chart.png, id=761, 544.28343pt x 146.79843pt>
File: gambar/api/youtube_api_chart.png Graphic file (type png)

<use gambar/api/youtube_api_chart.png>
Package pdftex.def Info: gambar/api/youtube_api_chart.png used on input line 24
3.
(pdftex.def)             Requested size: 406.87448pt x 109.73792pt.
 [25 <./gambar/api/api_chart.png>]
LaTeX Font Info:    Try loading font information for T1+pcr on input line 256.

("C:\Program Files\MiKTeX 2.9\tex\latex\psnfss\t1pcr.fd"
File: t1pcr.fd 2001/06/04 font definitions for T1/pcr.
)
<gambar/y0.png, id=767, 1204.5pt x 374.14781pt>
File: gambar/y0.png Graphic file (type png)
 <use gambar/y0.png>
Package pdftex.def Info: gambar/y0.png used on input line 259.
(pdftex.def)             Requested size: 406.87448pt x 126.38646pt.

Overfull \hbox (18.49318pt too wide) in paragraph at lines 255--261
\T1/pcr/m/n/12 developers . google . com / youtube / android / player / downloa
ds/$[] 
 []

[26 <./gambar/api/youtube_api_chart.png>]
<gambar/y2.png, id=775, 459.96844pt x 441.90094pt>
File: gambar/y2.png Graphic file (type png)
 <use gambar/y2.png>
Package pdftex.def Info: gambar/y2.png used on input line 266.
(pdftex.def)             Requested size: 325.50082pt x 312.73369pt.

<gambar/y3.png, id=776, 310.91156pt x 173.14688pt>
File: gambar/y3.png Graphic file (type png)
 <use gambar/y3.png>
Package pdftex.def Info: gambar/y3.png used on input line 274.
(pdftex.def)             Requested size: 406.87448pt x 226.59157pt.
 [27 <./gambar/y0.png> <./gambar/y2.png>]
<gambar/y4.png, id=784, 897.3525pt x 326.72063pt>
File: gambar/y4.png Graphic file (type png)
 <use gambar/y4.png>
Package pdftex.def Info: gambar/y4.png used on input line 281.
(pdftex.def)             Requested size: 406.87448pt x 148.13963pt.

<gambar/y5.png, id=785, 246.9225pt x 56.46094pt>
File: gambar/y5.png Graphic file (type png)
 <use gambar/y5.png>
Package pdftex.def Info: gambar/y5.png used on input line 288.
(pdftex.def)             Requested size: 406.87448pt x 93.04105pt.

Overfull \hbox (4.43831pt too wide) in paragraph at lines 285--290
[]\T1/ptm/m/n/12 Akan mun-cul se-bu-ah pem-be-ri-ta-hu-an un-tuk me-la-kuk-an s
ink-ro-ni-sa-si pus-ta-ka yang
 []

[28 <./gambar/y3.png> <./gambar/y4.png>]
<gambar/y6.png, id=795, 559.33969pt x 36.135pt>
File: gambar/y6.png Graphic file (type png)
 <use gambar/y6.png>
Package pdftex.def Info: gambar/y6.png used on input line 295.
(pdftex.def)             Requested size: 406.87448pt x 26.28622pt.

<gambar/y7.png, id=796, 217.5628pt x 31.61812pt>
File: gambar/y7.png Graphic file (type png)
 <use gambar/y7.png>
Package pdftex.def Info: gambar/y7.png used on input line 302.
(pdftex.def)             Requested size: 244.12717pt x 35.48102pt.

<gambar/y8.png, id=797, 399.74344pt x 38.39343pt>
File: gambar/y8.png Graphic file (type png)
 <use gambar/y8.png>
Package pdftex.def Info: gambar/y8.png used on input line 309.
(pdftex.def)             Requested size: 406.87448pt x 39.0805pt.

<gambar/y9.png, id=798, 432.11438pt x 70.76437pt>
File: gambar/y9.png Graphic file (type png)
 <use gambar/y9.png>
Package pdftex.def Info: gambar/y9.png used on input line 316.
(pdftex.def)             Requested size: 406.87448pt x 66.63297pt.
 [29 <./gambar/y5.png> <./gambar/y6.png> <./gambar/y7.png> <./gambar/y8.png>]
<gambar/y10-a.png, id=811, 591.71063pt x 136.25906pt>
File: gambar/y10-a.png Graphic file (type png)
 <use gambar/y10-a.png>
Package pdftex.def Info: gambar/y10-a.png used on input line 323.
(pdftex.def)             Requested size: 406.87448pt x 93.69656pt.

<gambar/y10.png, id=812, 621.07031pt x 131.74219pt>
File: gambar/y10.png Graphic file (type png)
 <use gambar/y10.png>
Package pdftex.def Info: gambar/y10.png used on input line 330.
(pdftex.def)             Requested size: 406.87448pt x 86.30682pt.

[30 <./gambar/y9.png> <./gambar/y10-a.png> <./gambar/y10.png>]
<gambar/y12.png, id=821, 438.8897pt x 62.48344pt>
File: gambar/y12.png Graphic file (type png)
 <use gambar/y12.png>
Package pdftex.def Info: gambar/y12.png used on input line 338.
(pdftex.def)             Requested size: 406.87448pt x 57.92688pt.

<gambar/y11.png, id=822, 606.76688pt x 90.3375pt>
File: gambar/y11.png Graphic file (type png)
 <use gambar/y11.png>
Package pdftex.def Info: gambar/y11.png used on input line 345.
(pdftex.def)             Requested size: 406.87448pt x 60.57817pt.
)
[31 <./gambar/y12.png> <./gambar/y11.png>]
\openout2 = `bab3.aux'.

 (bab3.tex
BAB III.
<gambar/activity_diagram_v2.png, id=831, 916.92563pt x 408.77719pt>
File: gambar/activity_diagram_v2.png Graphic file (type png)

<use gambar/activity_diagram_v2.png>
Package pdftex.def Info: gambar/activity_diagram_v2.png used on input line 13.
(pdftex.def)             Requested size: 406.87448pt x 181.39069pt.
 [32



 <./gambar/activity_diagram_v2.png>]
<gambar/pie/kuisioner_ahli.png, id=837, 1144.275pt x 763.35187pt>
File: gambar/pie/kuisioner_ahli.png Graphic file (type png)

<use gambar/pie/kuisioner_ahli.png>
Package pdftex.def Info: gambar/pie/kuisioner_ahli.png used on input line 26.
(pdftex.def)             Requested size: 406.87448pt x 271.4286pt.
 [33 <./gambar/pie/kuisioner_ahli.png>]
<gambar/pie/kuisioner_awam.png, id=843, 1144.275pt x 763.35187pt>
File: gambar/pie/kuisioner_awam.png Graphic file (type png)

<use gambar/pie/kuisioner_awam.png>
Package pdftex.def Info: gambar/pie/kuisioner_awam.png used on input line 34.
(pdftex.def)             Requested size: 406.87448pt x 271.4286pt.
 [34 <./gambar/pie/kuisioner_awam.png>]
Overfull \hbox (0.87389pt too wide) in paragraph at lines 50--51
[]\T1/ptm/m/n/12 Menampilkan me-to-de me-ma-sak yang je-las se-su-ai de-ngan st
an-dar ma-kan-an yang
 []

[35] <gambar/kompas/wireframe.png, id=854, 1204.5pt x 578.16pt>
File: gambar/kompas/wireframe.png Graphic file (type png)

<use gambar/kompas/wireframe.png>
Package pdftex.def Info: gambar/kompas/wireframe.png used on input line 63.
(pdftex.def)             Requested size: 325.50082pt x 156.23761pt.
 [36]
<gambar/kompas/mock-up.jpg, id=859, 1490.56876pt x 921.4425pt>
File: gambar/kompas/mock-up.jpg Graphic file (type jpg)

<use gambar/kompas/mock-up.jpg>
Package pdftex.def Info: gambar/kompas/mock-up.jpg used on input line 70.
(pdftex.def)             Requested size: 325.50082pt x 201.21355pt.

<gambar/use-case/use_case_v2.png, id=860, 553.31718pt x 615.80063pt>
File: gambar/use-case/use_case_v2.png Graphic file (type png)

<use gambar/use-case/use_case_v2.png>
Package pdftex.def Info: gambar/use-case/use_case_v2.png used on input line 78.

(pdftex.def)             Requested size: 325.50082pt x 362.25743pt.
 [37 <./gambar/kompas/wireframe.png> <./gambar/kompas/mock-up.jpg>]
Overfull \hbox (0.21983pt too wide) in paragraph at lines 82--83
[]\T1/ptm/m/it/12 Use Ca-se Di-a-gram \T1/ptm/m/n/12 ter-se-but me-nun-jukk-an 
ba-gai-ma-na peng-gu-na apli-ka-si (\T1/ptm/m/it/12 user\T1/ptm/m/n/12 )
 []

[38 <./gambar/use-case/use_case_v2.png>]
Overfull \hbox (5.69122pt too wide) in paragraph at lines 84--85
[]\T1/ptm/m/n/12 ERD pa-da apli-ka-si ini ber-fung-si un-tuk me-nyimp-an re-sep
, ka-te-go-ri re-sep, bahan-
 []

<gambar/erd_terbaru.png, id=871, 815.29594pt x 319.94531pt>
File: gambar/erd_terbaru.png Graphic file (type png)

<use gambar/erd_terbaru.png>
Package pdftex.def Info: gambar/erd_terbaru.png used on input line 88.
(pdftex.def)             Requested size: 447.5644pt x 175.63847pt.

Overfull \hbox (40.68993pt too wide) in paragraph at lines 88--89
 [][] 
 []

[39 <./gambar/erd_terbaru.png>]
<gambar/class/MenuUtama.png, id=878, 581.17125pt x 649.67719pt>
File: gambar/class/MenuUtama.png Graphic file (type png)

<use gambar/class/MenuUtama.png>
Package pdftex.def Info: gambar/class/MenuUtama.png used on input line 104.
(pdftex.def)             Requested size: 406.87448pt x 454.84032pt.
 [40]
<gambar/class/DetailResep.png, id=885, 625.58719pt x 496.10344pt>
File: gambar/class/DetailResep.png Graphic file (type png)

<use gambar/class/DetailResep.png>
Package pdftex.def Info: gambar/class/DetailResep.png used on input line 113.
(pdftex.def)             Requested size: 406.87448pt x 322.6678pt.
 [41 <./gambar/class/MenuUtama.png>]
<gambar/class/Wishlist.png, id=892, 554.07pt x 934.99312pt>
File: gambar/class/Wishlist.png Graphic file (type png)

<use gambar/class/Wishlist.png>
Package pdftex.def Info: gambar/class/Wishlist.png used on input line 122.
(pdftex.def)             Requested size: 366.18454pt x 617.9391pt.
 [42 <./gambar/class/DetailResep.png>]
Overfull \vbox (16.47847pt too high) has occurred while \output is active []


[43 <./gambar/class/Wishlist.png>]
File: gambar/activity_diagram_v2.png Graphic file (type png)
 <use gambar/activity_diagram_v2.png>
Package pdftex.def Info: gambar/activity_diagram_v2.png used on input line 131.

(pdftex.def)             Requested size: 406.87448pt x 181.39069pt.

<gambar/wireframe/Splash.png, id=904, 357.335pt x 727.71875pt>
File: gambar/wireframe/Splash.png Graphic file (type png)

<use gambar/wireframe/Splash.png>
Package pdftex.def Info: gambar/wireframe/Splash.png used on input line 139.
(pdftex.def)             Requested size: 101.71861pt x 207.14659pt.
 [44]
<gambar/wireframe/MenuUtama.png, id=911, 357.335pt x 727.71875pt>
File: gambar/wireframe/MenuUtama.png Graphic file (type png)

<use gambar/wireframe/MenuUtama.png>
Package pdftex.def Info: gambar/wireframe/MenuUtama.png used on input line 146.

(pdftex.def)             Requested size: 101.71861pt x 207.14659pt.
 [45 <./gambar/wireframe/Splash.png>]
<gambar/wireframe/Drawer.png, id=918, 357.335pt x 727.71875pt>
File: gambar/wireframe/Drawer.png Graphic file (type png)

<use gambar/wireframe/Drawer.png>
Package pdftex.def Info: gambar/wireframe/Drawer.png used on input line 153.
(pdftex.def)             Requested size: 101.71861pt x 207.14659pt.
 [46 <./gambar/wireframe/MenuUtama.png>]
<gambar/wireframe/Rekomendasi.png, id=925, 357.335pt x 727.71875pt>
File: gambar/wireframe/Rekomendasi.png Graphic file (type png)

<use gambar/wireframe/Rekomendasi.png>
Package pdftex.def Info: gambar/wireframe/Rekomendasi.png used on input line 16
0.
(pdftex.def)             Requested size: 101.71861pt x 207.14659pt.

<gambar/wireframe/Jenis.png, id=926, 357.335pt x 727.71875pt>
File: gambar/wireframe/Jenis.png Graphic file (type png)

<use gambar/wireframe/Jenis.png>
Package pdftex.def Info: gambar/wireframe/Jenis.png used on input line 167.
(pdftex.def)             Requested size: 101.71861pt x 207.14659pt.
 [47 <./gambar/wireframe/Drawer.png> <./gambar/wireframe/Rekomendasi.png>]
<gambar/wireframe/Resep.png, id=933, 357.335pt x 727.71875pt>
File: gambar/wireframe/Resep.png Graphic file (type png)

<use gambar/wireframe/Resep.png>
Package pdftex.def Info: gambar/wireframe/Resep.png used on input line 173.
(pdftex.def)             Requested size: 101.71861pt x 207.14659pt.
 [48 <./gambar/wireframe/Jenis.png>]
<gambar/wireframe/Wishlist.png, id=941, 357.335pt x 727.71875pt>
File: gambar/wireframe/Wishlist.png Graphic file (type png)

<use gambar/wireframe/Wishlist.png>
Package pdftex.def Info: gambar/wireframe/Wishlist.png used on input line 179.
(pdftex.def)             Requested size: 101.71861pt x 207.14659pt.

<gambar/wireframe/TotalBahan.png, id=942, 357.335pt x 727.71875pt>
File: gambar/wireframe/TotalBahan.png Graphic file (type png)

<use gambar/wireframe/TotalBahan.png>
Package pdftex.def Info: gambar/wireframe/TotalBahan.png used on input line 186
.
(pdftex.def)             Requested size: 101.71861pt x 207.14659pt.
 [49 <./gambar/wireframe/Resep.png> <./gambar/wireframe/Wishlist.png>]
<gambar/wireframe/TotalHarga.png, id=949, 357.335pt x 727.71875pt>
File: gambar/wireframe/TotalHarga.png Graphic file (type png)

<use gambar/wireframe/TotalHarga.png>
Package pdftex.def Info: gambar/wireframe/TotalHarga.png used on input line 192
.
(pdftex.def)             Requested size: 101.71861pt x 207.14659pt.

<gambar/wireframe/TotalHargaRincian.png, id=950, 357.335pt x 727.71875pt>
File: gambar/wireframe/TotalHargaRincian.png Graphic file (type png)

<use gambar/wireframe/TotalHargaRincian.png>
Package pdftex.def Info: gambar/wireframe/TotalHargaRincian.png used on input l
ine 198.
(pdftex.def)             Requested size: 101.71861pt x 207.14659pt.
 [50 <./gambar/wireframe/TotalBahan.png> <./gambar/wireframe/TotalHarga.png>]
<gambar/wireframe/HasilCari.png, id=957, 357.335pt x 727.71875pt>
File: gambar/wireframe/HasilCari.png Graphic file (type png)

<use gambar/wireframe/HasilCari.png>
Package pdftex.def Info: gambar/wireframe/HasilCari.png used on input line 204.

(pdftex.def)             Requested size: 101.71861pt x 207.14659pt.

<gambar/wireframe/BeriMasukan.png, id=958, 357.335pt x 727.71875pt>
File: gambar/wireframe/BeriMasukan.png Graphic file (type png)

<use gambar/wireframe/BeriMasukan.png>
Package pdftex.def Info: gambar/wireframe/BeriMasukan.png used on input line 21
0.
(pdftex.def)             Requested size: 101.71861pt x 207.14659pt.
 [51 <./gambar/wireframe/TotalHargaRincian.png> <./gambar/wireframe/HasilCari.p
ng>]
<gambar/mock-up/splash.png, id=967, 1084.05pt x 1927.2pt>
File: gambar/mock-up/splash.png Graphic file (type png)

<use gambar/mock-up/splash.png>
Package pdftex.def Info: gambar/mock-up/splash.png used on input line 217.
(pdftex.def)             Requested size: 122.06358pt x 216.99179pt.

<gambar/mock-up/utama.png, id=968, 1084.05pt x 1927.2pt>
File: gambar/mock-up/utama.png Graphic file (type png)

<use gambar/mock-up/utama.png>
Package pdftex.def Info: gambar/mock-up/utama.png used on input line 223.
(pdftex.def)             Requested size: 122.06358pt x 216.99179pt.
 [52 <./gambar/wireframe/BeriMasukan.png>]
<gambar/mock-up/navigasi.png, id=975, 1084.05pt x 1927.2pt>
File: gambar/mock-up/navigasi.png Graphic file (type png)

<use gambar/mock-up/navigasi.png>
Package pdftex.def Info: gambar/mock-up/navigasi.png used on input line 228.
(pdftex.def)             Requested size: 122.06358pt x 216.99179pt.

<gambar/mock-up/rekomendasi.png, id=976, 1084.05pt x 1927.2pt>
File: gambar/mock-up/rekomendasi.png Graphic file (type png)

<use gambar/mock-up/rekomendasi.png>
Package pdftex.def Info: gambar/mock-up/rekomendasi.png used on input line 233.

(pdftex.def)             Requested size: 122.06358pt x 216.99179pt.
 [53 <./gambar/mock-up/splash.png> <./gambar/mock-up/utama.png>] <gambar/mock-u
p/jenis.png, id=981, 1084.05pt x 1927.2pt>
File: gambar/mock-up/jenis.png Graphic file (type png)

<use gambar/mock-up/jenis.png>
Package pdftex.def Info: gambar/mock-up/jenis.png used on input line 238.
(pdftex.def)             Requested size: 122.06358pt x 216.99179pt.

<gambar/mock-up/Detail.png, id=982, 1084.05pt x 1927.2pt>
File: gambar/mock-up/Detail.png Graphic file (type png)

<use gambar/mock-up/Detail.png>
Package pdftex.def Info: gambar/mock-up/Detail.png used on input line 243.
(pdftex.def)             Requested size: 122.06358pt x 216.99179pt.
 [54 <./gambar/mock-up/navigasi.png> <./gambar/mock-up/rekomendasi.png>]
<gambar/mock-up/detail_cara.png, id=987, 1084.05pt x 1927.2pt>
File: gambar/mock-up/detail_cara.png Graphic file (type png)

<use gambar/mock-up/detail_cara.png>
Package pdftex.def Info: gambar/mock-up/detail_cara.png used on input line 249.

(pdftex.def)             Requested size: 122.06358pt x 216.99179pt.

<gambar/mock-up/wishlist.png, id=988, 1084.05pt x 1927.2pt>
File: gambar/mock-up/wishlist.png Graphic file (type png)

<use gambar/mock-up/wishlist.png>
Package pdftex.def Info: gambar/mock-up/wishlist.png used on input line 255.
(pdftex.def)             Requested size: 122.06358pt x 216.99179pt.
 [55 <./gambar/mock-up/jenis.png> <./gambar/mock-up/Detail.png>]
<gambar/mock-up/total_bahan.png, id=993, 1084.05pt x 1927.2pt>
File: gambar/mock-up/total_bahan.png Graphic file (type png)

<use gambar/mock-up/total_bahan.png>
Package pdftex.def Info: gambar/mock-up/total_bahan.png used on input line 260.

(pdftex.def)             Requested size: 122.06358pt x 216.99179pt.

<gambar/mock-up/total_harga.png, id=994, 1084.05pt x 1927.2pt>
File: gambar/mock-up/total_harga.png Graphic file (type png)

<use gambar/mock-up/total_harga.png>
Package pdftex.def Info: gambar/mock-up/total_harga.png used on input line 265.

(pdftex.def)             Requested size: 122.06358pt x 216.99179pt.
 [56 <./gambar/mock-up/detail_cara.png> <./gambar/mock-up/wishlist.png>]
<gambar/mock-up/total_list_harga.png, id=999, 1084.05pt x 1927.2pt>
File: gambar/mock-up/total_list_harga.png Graphic file (type png)

<use gambar/mock-up/total_list_harga.png>
Package pdftex.def Info: gambar/mock-up/total_list_harga.png used on input line
 270.
(pdftex.def)             Requested size: 122.06358pt x 216.99179pt.

<gambar/mock-up/cari_bahan.png, id=1000, 1084.05pt x 1927.2pt>
File: gambar/mock-up/cari_bahan.png Graphic file (type png)

<use gambar/mock-up/cari_bahan.png>
Package pdftex.def Info: gambar/mock-up/cari_bahan.png used on input line 275.
(pdftex.def)             Requested size: 122.06358pt x 216.99179pt.
 [57 <./gambar/mock-up/total_bahan.png> <./gambar/mock-up/total_harga.png>]
<gambar/mock-up/masukan.png, id=1005, 1084.05pt x 1927.2pt>
File: gambar/mock-up/masukan.png Graphic file (type png)

<use gambar/mock-up/masukan.png>
Package pdftex.def Info: gambar/mock-up/masukan.png used on input line 280.
(pdftex.def)             Requested size: 122.06358pt x 216.99179pt.
 [58 <./gambar/mock-up/total_list_harga.png> <./gambar/mock-up/cari_bahan.png>]

<gambar/phpmyadmin_masakyuk.png, id=1011, 715.92468pt x 258.9675pt>
File: gambar/phpmyadmin_masakyuk.png Graphic file (type png)

<use gambar/phpmyadmin_masakyuk.png>
Package pdftex.def Info: gambar/phpmyadmin_masakyuk.png used on input line 301.

(pdftex.def)             Requested size: 406.87448pt x 147.17833pt.
 [59 <./gambar/mock-up/masukan.png>]
<gambar/mvc-arch.png, id=1023, 467.7475pt x 304.13625pt>
File: gambar/mvc-arch.png Graphic file (type png)

<use gambar/mvc-arch.png>
Package pdftex.def Info: gambar/mvc-arch.png used on input line 310.
(pdftex.def)             Requested size: 325.50082pt x 211.65483pt.
 [60 <./gambar/phpmyadmin_masakyuk.png>]
<gambar/api/codeigniter_based_api.png, id=1029, 544.28343pt x 146.79843pt>
File: gambar/api/codeigniter_based_api.png Graphic file (type png)

<use gambar/api/codeigniter_based_api.png>
Package pdftex.def Info: gambar/api/codeigniter_based_api.png used on input lin
e 317.
(pdftex.def)             Requested size: 406.87448pt x 109.73792pt.

<gambar/sample-api-ci.png, id=1031, 364.36125pt x 385.44pt>
File: gambar/sample-api-ci.png Graphic file (type png)

<use gambar/sample-api-ci.png>
Package pdftex.def Info: gambar/sample-api-ci.png used on input line 324.
(pdftex.def)             Requested size: 406.87448pt x 430.43124pt.
 [61 <./gambar/mvc-arch.png (PNG copy)> <./gambar/api/codeigniter_based_api.png
>]
<gambar/insert-phpmyadmin.png, id=1036, 624.08156pt x 435.12563pt>
File: gambar/insert-phpmyadmin.png Graphic file (type png)

<use gambar/insert-phpmyadmin.png>
Package pdftex.def Info: gambar/insert-phpmyadmin.png used on input line 333.
(pdftex.def)             Requested size: 406.87448pt x 283.68478pt.
 [62 <./gambar/sample-api-ci.png>]
<gambar/web-list-resep.png, id=1042, 906.38625pt x 337.26pt>
File: gambar/web-list-resep.png Graphic file (type png)

<use gambar/web-list-resep.png>
Package pdftex.def Info: gambar/web-list-resep.png used on input line 340.
(pdftex.def)             Requested size: 406.87448pt x 151.39507pt.

<gambar/web-input-resep.png, id=1043, 918.43124pt x 402.00188pt>
File: gambar/web-input-resep.png Graphic file (type png)

<use gambar/web-input-resep.png>
Package pdftex.def Info: gambar/web-input-resep.png used on input line 346.
(pdftex.def)             Requested size: 406.87448pt x 178.08977pt.
 [63 <./gambar/insert-phpmyadmin.png> <./gambar/web-list-resep.png>]
<gambar/api/ci-api-web-chart.png, id=1050, 544.28343pt x 196.48407pt>
File: gambar/api/ci-api-web-chart.png Graphic file (type png)

<use gambar/api/ci-api-web-chart.png>
Package pdftex.def Info: gambar/api/ci-api-web-chart.png used on input line 353
.
(pdftex.def)             Requested size: 406.87448pt x 146.87999pt.

Overfull \hbox (5.49893pt too wide) in paragraph at lines 350--356
[]\T1/ptm/m/n/12 Penulis me-la-kuk-an se-di-kit mo-di-fi-ka-si pa-da API yang t
e-lah di-bu-at de-ngan meng-
 []

<gambar/new/req_html.png, id=1052, 578.16pt x 110.66344pt>
File: gambar/new/req_html.png Graphic file (type png)

<use gambar/new/req_html.png>
Package pdftex.def Info: gambar/new/req_html.png used on input line 365.
(pdftex.def)             Requested size: 406.87448pt x 77.87756pt.
 [64 <./gambar/web-input-resep.png> <./gambar/api/ci-api-web-chart.png>]
<gambar/new/req_volley.png, id=1059, 578.16pt x 110.66344pt>
File: gambar/new/req_volley.png Graphic file (type png)

<use gambar/new/req_volley.png>
Package pdftex.def Info: gambar/new/req_volley.png used on input line 372.
(pdftex.def)             Requested size: 406.87448pt x 77.87756pt.
 [65 <./gambar/new/req_html.png> <./gambar/new/req_volley.png>]
<gambar/new/youtube_player_view.png, id=1064, 553.31718pt x 363.60844pt>
File: gambar/new/youtube_player_view.png Graphic file (type png)

<use gambar/new/youtube_player_view.png>
Package pdftex.def Info: gambar/new/youtube_player_view.png used on input line 
381.
(pdftex.def)             Requested size: 406.87448pt x 267.37383pt.

<gambar/new/youtube_player_fragment.png, id=1065, 553.31718pt x 377.15906pt>
File: gambar/new/youtube_player_fragment.png Graphic file (type png)

<use gambar/new/youtube_player_fragment.png>
Package pdftex.def Info: gambar/new/youtube_player_fragment.png used on input l
ine 389.
(pdftex.def)             Requested size: 406.87448pt x 277.33807pt.

Overfull \hbox (3.82182pt too wide) in paragraph at lines 386--392
\T1/ptm/m/n/12 App-Com-pat-Ac-ti-vi-ty. Ma-ka da-ri itu, pe-nu-lis me-la-kuk-an
 mo-di-fi-ka-si de-ngan ti-dak meng-
 []


Overfull \hbox (5.95879pt too wide) in paragraph at lines 386--392
\T1/ptm/m/n/12 gu-nak-an Yo-u-Tu-be-Pla-ye-rVi-ew, me-la-ink-an meng-gu-nak-an 
Yo-u-Tu-be-Pla-yer-Fra-gment. Ke-
 []


Overfull \hbox (4.9736pt too wide) in paragraph at lines 386--392
\T1/ptm/m/n/12 pu-tus-an ter-se-but di-am-bil ka-re-na Yo-u-Tu-be-Pla-yer-Fra-g
ment "le-bih ra-mah" ter-ha-dap Acti-
 []

[66 <./gambar/new/youtube_player_view.png>]
<gambar/new/youtube_fragment.png, id=1071, 715.92468pt x 295.1025pt>
File: gambar/new/youtube_fragment.png Graphic file (type png)

<use gambar/new/youtube_fragment.png>
Package pdftex.def Info: gambar/new/youtube_fragment.png used on input line 397
.
(pdftex.def)             Requested size: 406.87448pt x 167.71484pt.
 [67 <./gambar/new/youtube_player_fragment.png>] <gambar/new/fitur_lain.png, id
=1077, 437.38406pt x 503.63156pt>
File: gambar/new/fitur_lain.png Graphic file (type png)

<use gambar/new/fitur_lain.png>
Package pdftex.def Info: gambar/new/fitur_lain.png used on input line 407.
(pdftex.def)             Requested size: 406.87448pt x 468.50314pt.
) [68 <./gambar/new/youtube_fragment.png>]
[69 <./gambar/new/fitur_lain.png>]
\openout2 = `bab4.aux'.

 (bab4.tex
BAB IV.
<gambar/ahli/gerald.png, id=1089, 200.75pt x 200.75pt>
File: gambar/ahli/gerald.png Graphic file (type png)

<use gambar/ahli/gerald.png>
Package pdftex.def Info: gambar/ahli/gerald.png used on input line 14.
(pdftex.def)             Requested size: 101.71861pt x 101.71948pt.
LaTeX Font Info:    Font shape `T1/ptm/bx/n' in size <10.95> not available
(Font)              Font shape `T1/ptm/b/n' tried instead on input line 15.

<gambar/ahli/harley.png, id=1090, 200.75pt x 200.75pt>
File: gambar/ahli/harley.png Graphic file (type png)

<use gambar/ahli/harley.png>
Package pdftex.def Info: gambar/ahli/harley.png used on input line 20.
(pdftex.def)             Requested size: 101.71861pt x 101.71948pt.

<gambar/ahli/nico.png, id=1091, 200.75pt x 200.75pt>
File: gambar/ahli/nico.png Graphic file (type png)

<use gambar/ahli/nico.png>
Package pdftex.def Info: gambar/ahli/nico.png used on input line 26.
(pdftex.def)             Requested size: 101.71861pt x 101.71948pt.

<gambar/ahli/okky.png, id=1092, 200.75pt x 200.75pt>
File: gambar/ahli/okky.png Graphic file (type png)

<use gambar/ahli/okky.png>
Package pdftex.def Info: gambar/ahli/okky.png used on input line 32.
(pdftex.def)             Requested size: 101.71861pt x 101.71948pt.
 [70



 <./gambar/ahli/gerald.png> <./gambar/ahli/harley.png> <./gambar/ahli/nico.png>
 <./gambar/ahli/okky.png>] [71] [72] [73]
[74] [75]) [76]
\openout2 = `bab5.aux'.

 (bab5.tex
BAB V.
[77



]
Overfull \hbox (4.07771pt too wide) in paragraph at lines 36--37
[]\T1/ptm/m/n/12 Jika ma-sih me-ngem-bang-kan de-ngan meng-gu-nak-an CodeIgnite
r-Based API atau-
 []

) [78]
Underfull \hbox (badness 3088) in paragraph at lines 181--182
\T1/ptm/m/n/12 ne]. Ter-se-dia: []$\T1/pcr/m/n/12 https : / / www . tutorialspo
int . com / sdlc / sdlc _
 []


Underfull \hbox (badness 2065) in paragraph at lines 183--184
[]\T1/ptm/m/n/12 Bagui, Si-kha dan Ri-cha-rd Earp. 2011. \T1/ptm/m/it/12 Da-ta-
ba-se De-sign Using Entity-
 []


Underfull \hbox (badness 5533) in paragraph at lines 185--186
[]\T1/ptm/m/n/12 Bell, Do-na-ld. 2003. "An In-tro-du-ction to the Uni-fi-ed Mo-
de-ling La-
 []


Underfull \hbox (badness 1515) in paragraph at lines 185--186
\T1/ptm/m/n/12 ngu-a-ge". IBM de-ve-lo-per-Works [Onli-ne]. Ter-se-dia: []$\T1/
pcr/m/n/12 http : / / www . ibm .
 []

[79


]
Underfull \hbox (badness 10000) in paragraph at lines 203--204
\T1/pcr/m/n/12 com / Sedap / Tips-[]Masak / Perempuan-[]Mari-[]Kembali-[]Ke-[]D
apur$[]\T1/ptm/m/n/12 .
 []


Underfull \hbox (badness 1960) in paragraph at lines 207--208
[]\T1/ptm/m/n/12 Rogers, Rick, dkk. 2009. \T1/ptm/m/it/12 An-dro-id Ap-pli-ca-t
ion De-ve-lo-pment\T1/ptm/m/n/12 . Ca-li-for-nia:
 []


Underfull \hbox (badness 10000) in paragraph at lines 209--210
[]\T1/ptm/m/n/12 Setyanti, Chris-ti-na An-dhi-ka dan Sya-fri-na Sya-af. 2014. "
3 Alas-an
 []


Underfull \hbox (badness 10000) in paragraph at lines 209--210
\T1/ptm/m/n/12 Uta-ma Per-em-pu-an Ma-las Ma-sak". Kom-pas.com [Onli-ne]. Ter-s
e-dia:
 []


Underfull \hbox (badness 10000) in paragraph at lines 209--210
[]$\T1/pcr/m/n/12 http : / / female . kompas . com / read / 2014 / 03 / 06 / 12
54310 /
 []

[80] [81]
\openout2 = `lampiran.aux'.

 (lampiran.tex
LAMPIRAN A.
<pdf/hal_1_ahli.png, id=1210, 461.47406pt x 602.25pt>
File: pdf/hal_1_ahli.png Graphic file (type png)
 <use pdf/hal_1_ahli.png>
Package pdftex.def Info: pdf/hal_1_ahli.png used on input line 5.
(pdftex.def)             Requested size: 406.87448pt x 530.99248pt.

<pdf/identifikasi_ahli.pdf, id=1211, 614.295pt x 794.97pt>
File: pdf/identifikasi_ahli.pdf Graphic file (type pdf)

<use pdf/identifikasi_ahli.pdf>
Package pdftex.def Info: pdf/identifikasi_ahli.pdf used on input line 6.
(pdftex.def)             Requested size: 614.29349pt x 794.96806pt.
File: pdf/identifikasi_ahli.pdf Graphic file (type pdf)
 <use pdf/identifikasi_ahli.pdf>
Package pdftex.def Info: pdf/identifikasi_ahli.pdf used on input line 6.
(pdftex.def)             Requested size: 614.29349pt x 794.96806pt.

<pdf/identifikasi_ahli.pdf, id=1214, page=2, 614.295pt x 794.97pt>
File: pdf/identifikasi_ahli.pdf Graphic file (type pdf)

<use pdf/identifikasi_ahli.pdf, page 2>
Package pdftex.def Info: pdf/identifikasi_ahli.pdf, page2 used on input line 6.

(pdftex.def)             Requested size: 614.29349pt x 794.96806pt.
File: pdf/identifikasi_ahli.pdf Graphic file (type pdf)

<use pdf/identifikasi_ahli.pdf, page 2>
Package pdftex.def Info: pdf/identifikasi_ahli.pdf, page2 used on input line 6.

(pdftex.def)             Requested size: 491.43666pt x 635.97687pt.

Overfull \hbox (35.2414pt too wide) in paragraph at lines 5--6
[][]
 []


Underfull \hbox (badness 10000) in paragraph at lines 5--6

 []

[82


 <./pdf/hal_1_ahli.png>]
File: pdf/identifikasi_ahli.pdf Graphic file (type pdf)
 <use pdf/identifikasi_ahli.pdf, page 2>
Package pdftex.def Info: pdf/identifikasi_ahli.pdf, page2 used on input line 6.

(pdftex.def)             Requested size: 491.43666pt x 635.97687pt.
File: pdf/identifikasi_ahli.pdf Graphic file (type pdf)

<use pdf/identifikasi_ahli.pdf, page 2>
Package pdftex.def Info: pdf/identifikasi_ahli.pdf, page2 used on input line 6.

(pdftex.def)             Requested size: 491.43666pt x 635.97687pt.
File: pdf/identifikasi_ahli.pdf Graphic file (type pdf)

<use pdf/identifikasi_ahli.pdf, page 2>
Package pdftex.def Info: pdf/identifikasi_ahli.pdf, page2 used on input line 6.

(pdftex.def)             Requested size: 491.43666pt x 635.97687pt.
 [83 <./pdf/identifikasi_ahli.pdf

pdfTeX warning: pdflatex.exe (file ./pdf/identifikasi_ahli.pdf): PDF inclusion:
 invalid other resource which is no dict (key 'ProcSets', type <array>); ignore
d.
>]
LAMPIRAN B.
<pdf/hal_1_masyarakat.png, id=1245, 465.99094pt x 603.75563pt>
File: pdf/hal_1_masyarakat.png Graphic file (type png)

<use pdf/hal_1_masyarakat.png>
Package pdftex.def Info: pdf/hal_1_masyarakat.png used on input line 9.
(pdftex.def)             Requested size: 406.87448pt x 527.17937pt.

<pdf/identifikasi_masyarakat.pdf, id=1246, 614.295pt x 794.97pt>
File: pdf/identifikasi_masyarakat.pdf Graphic file (type pdf)

<use pdf/identifikasi_masyarakat.pdf>
Package pdftex.def Info: pdf/identifikasi_masyarakat.pdf used on input line 10.

(pdftex.def)             Requested size: 614.29349pt x 794.96806pt.
File: pdf/identifikasi_masyarakat.pdf Graphic file (type pdf)
 <use pdf/identifikasi_masyarakat.pdf>
Package pdftex.def Info: pdf/identifikasi_masyarakat.pdf used on input line 10.

(pdftex.def)             Requested size: 614.29349pt x 794.96806pt.

<pdf/identifikasi_masyarakat.pdf, id=1249, page=2, 614.295pt x 794.97pt>
File: pdf/identifikasi_masyarakat.pdf Graphic file (type pdf)

<use pdf/identifikasi_masyarakat.pdf, page 2>
Package pdftex.def Info: pdf/identifikasi_masyarakat.pdf, page2 used on input l
ine 10.
(pdftex.def)             Requested size: 614.29349pt x 794.96806pt.
File: pdf/identifikasi_masyarakat.pdf Graphic file (type pdf)

<use pdf/identifikasi_masyarakat.pdf, page 2>
Package pdftex.def Info: pdf/identifikasi_masyarakat.pdf, page2 used on input l
ine 10.
(pdftex.def)             Requested size: 491.43666pt x 635.97687pt.

Overfull \hbox (35.2414pt too wide) in paragraph at lines 9--10
[][]
 []


Underfull \hbox (badness 10000) in paragraph at lines 9--10

 []

[84

 <./pdf/hal_1_masyarakat.png>]
File: pdf/identifikasi_masyarakat.pdf Graphic file (type pdf)

<use pdf/identifikasi_masyarakat.pdf, page 2>
Package pdftex.def Info: pdf/identifikasi_masyarakat.pdf, page2 used on input l
ine 10.
(pdftex.def)             Requested size: 491.43666pt x 635.97687pt.
File: pdf/identifikasi_masyarakat.pdf Graphic file (type pdf)

<use pdf/identifikasi_masyarakat.pdf, page 2>
Package pdftex.def Info: pdf/identifikasi_masyarakat.pdf, page2 used on input l
ine 10.
(pdftex.def)             Requested size: 491.43666pt x 635.97687pt.
File: pdf/identifikasi_masyarakat.pdf Graphic file (type pdf)

<use pdf/identifikasi_masyarakat.pdf, page 2>
Package pdftex.def Info: pdf/identifikasi_masyarakat.pdf, page2 used on input l
ine 10.
(pdftex.def)             Requested size: 491.43666pt x 635.97687pt.
 [85 <./pdf/identifikasi_masyarakat.pdf

pdfTeX warning: pdflatex.exe (file ./pdf/identifikasi_masyarakat.pdf): PDF incl
usion: invalid other resource which is no dict (key 'ProcSets', type <array>); 
ignored.
>]
LAMPIRAN C.
[86

] [87]
LAMPIRAN D.
[88

]
Overfull \hbox (10.72534pt too wide) in paragraph at lines 85--85
[]\T1/pcr/m/n/12 $query = $this->Masakyuk_model->get_list_bahan($id_resep);[] 
 []

[89]
Overfull \hbox (3.52534pt too wide) in paragraph at lines 113--113
[]\T1/pcr/m/n/12 $query = $this->Masakyuk_model->get_list_cara($id_resep);[] 
 []


Overfull \hbox (17.92534pt too wide) in paragraph at lines 130--130
[]\T1/pcr/m/n/12 $response["message"] = "Data cara memasak tidak ditemukan";[] 

 []

[90]
Overfull \hbox (3.52534pt too wide) in paragraph at lines 139--139
[]\T1/pcr/m/n/12 $query = $this->Masakyuk_model->get_search_bahan($query);[] 
 []

[91] [92]
LAMPIRAN E.
<pdf/uji_ahli_hal_1.png, id=1308, 468.24937pt x 606.01407pt>
File: pdf/uji_ahli_hal_1.png Graphic file (type png)

<use pdf/uji_ahli_hal_1.png>
Package pdftex.def Info: pdf/uji_ahli_hal_1.png used on input line 167.
(pdftex.def)             Requested size: 406.87448pt x 526.60843pt.
 <pdf/uji_ahli.pdf, id=1309, 614.295pt x 794.97pt>
File: pdf/uji_ahli.pdf Graphic file (type pdf)

<use pdf/uji_ahli.pdf>
Package pdftex.def Info: pdf/uji_ahli.pdf used on input line 168.
(pdftex.def)             Requested size: 614.29349pt x 794.96806pt.
File: pdf/uji_ahli.pdf Graphic file (type pdf)
 <use pdf/uji_ahli.pdf>
Package pdftex.def Info: pdf/uji_ahli.pdf used on input line 168.
(pdftex.def)             Requested size: 614.29349pt x 794.96806pt.

<pdf/uji_ahli.pdf, id=1312, page=2, 614.295pt x 794.97pt>
File: pdf/uji_ahli.pdf Graphic file (type pdf)

<use pdf/uji_ahli.pdf, page 2>
Package pdftex.def Info: pdf/uji_ahli.pdf, page2 used on input line 168.
(pdftex.def)             Requested size: 614.29349pt x 794.96806pt.
File: pdf/uji_ahli.pdf Graphic file (type pdf)
 <use pdf/uji_ahli.pdf, page 2>
Package pdftex.def Info: pdf/uji_ahli.pdf, page2 used on input line 168.
(pdftex.def)             Requested size: 491.43666pt x 635.97687pt.

Overfull \hbox (35.2414pt too wide) in paragraph at lines 167--168
[][]
 []


Underfull \hbox (badness 10000) in paragraph at lines 167--168

 []

[93

 <./pdf/uji_ahli_hal_1.png>]
File: pdf/uji_ahli.pdf Graphic file (type pdf)
 <use pdf/uji_ahli.pdf, page 2>
Package pdftex.def Info: pdf/uji_ahli.pdf, page2 used on input line 168.
(pdftex.def)             Requested size: 491.43666pt x 635.97687pt.
File: pdf/uji_ahli.pdf Graphic file (type pdf)

<use pdf/uji_ahli.pdf, page 2>
Package pdftex.def Info: pdf/uji_ahli.pdf, page2 used on input line 168.
(pdftex.def)             Requested size: 491.43666pt x 635.97687pt.
File: pdf/uji_ahli.pdf Graphic file (type pdf)
 <use pdf/uji_ahli.pdf, page 2>
Package pdftex.def Info: pdf/uji_ahli.pdf, page2 used on input line 168.
(pdftex.def)             Requested size: 491.43666pt x 635.97687pt.
 [94 <./pdf/uji_ahli.pdf

pdfTeX warning: pdflatex.exe (file ./pdf/uji_ahli.pdf): PDF inclusion: invalid 
other resource which is no dict (key 'ProcSets', type <array>); ignored.
>] <pdf/uji_ahli.pdf, id=1341, page=3, 614.295pt x 794.97pt>
File: pdf/uji_ahli.pdf Graphic file (type pdf)

<use pdf/uji_ahli.pdf, page 3>
Package pdftex.def Info: pdf/uji_ahli.pdf, page3 used on input line 168.
(pdftex.def)             Requested size: 491.43666pt x 635.97687pt.
File: pdf/uji_ahli.pdf Graphic file (type pdf)
 <use pdf/uji_ahli.pdf, page 3>
Package pdftex.def Info: pdf/uji_ahli.pdf, page3 used on input line 168.
(pdftex.def)             Requested size: 491.43666pt x 635.97687pt.
File: pdf/uji_ahli.pdf Graphic file (type pdf)

<use pdf/uji_ahli.pdf, page 3>
Package pdftex.def Info: pdf/uji_ahli.pdf, page3 used on input line 168.
(pdftex.def)             Requested size: 491.43666pt x 635.97687pt.
 [95 <./pdf/uji_ahli.pdf

pdfTeX warning: pdflatex.exe (file ./pdf/uji_ahli.pdf): PDF inclusion: invalid 
other resource which is no dict (key 'ProcSets', type <array>); ignored.
>] <pdf/uji_ahli.pdf, id=1346, page=4, 614.295pt x 794.97pt>
File: pdf/uji_ahli.pdf Graphic file (type pdf)

<use pdf/uji_ahli.pdf, page 4>
Package pdftex.def Info: pdf/uji_ahli.pdf, page4 used on input line 168.
(pdftex.def)             Requested size: 491.43666pt x 635.97687pt.
File: pdf/uji_ahli.pdf Graphic file (type pdf)
 <use pdf/uji_ahli.pdf, page 4>
Package pdftex.def Info: pdf/uji_ahli.pdf, page4 used on input line 168.
(pdftex.def)             Requested size: 491.43666pt x 635.97687pt.
File: pdf/uji_ahli.pdf Graphic file (type pdf)

<use pdf/uji_ahli.pdf, page 4>
Package pdftex.def Info: pdf/uji_ahli.pdf, page4 used on input line 168.
(pdftex.def)             Requested size: 491.43666pt x 635.97687pt.
 [96 <./pdf/uji_ahli.pdf

pdfTeX warning: pdflatex.exe (file ./pdf/uji_ahli.pdf): PDF inclusion: invalid 
other resource which is no dict (key 'ProcSets', type <array>); ignored.
>])
\openout2 = `cv.aux'.

 (cv.tex <gambar/pas-foto.jpg, id=1353, 45.52441pt x 56.90552pt>
File: gambar/pas-foto.jpg Graphic file (type jpg)

<use gambar/pas-foto.jpg>
Package pdftex.def Info: gambar/pas-foto.jpg used on input line 8.
(pdftex.def)             Requested size: 109.85783pt x 137.32448pt.
) [97



 <./gambar/pas-foto.jpg>]
Package atveryend Info: Empty hook `BeforeClearDocument' on input line 224.
Package atveryend Info: Empty hook `AfterLastShipout' on input line 224.
 (template-skripsi.aux
(persetujuan.aux) (bab1.aux) (bab2.aux) (bab3.aux) (bab4.aux) (bab5.aux)
(lampiran.aux) (cv.aux))
Package atveryend Info: Executing hook `AtVeryEndDocument' on input line 224.
Package atveryend Info: Executing hook `AtEndAfterFileList' on input line 224.
Package rerunfilecheck Info: File `template-skripsi.out' has not changed.
(rerunfilecheck)             Checksum: 8893EE51D097BD3F475C167BB8E3F9C2;4200.
Package atveryend Info: Empty hook `AtVeryVeryEnd' on input line 224.
 ) 
Here is how much of TeX's memory you used:
 10314 strings out of 493334
 157642 string characters out of 3139254
 258291 words of memory out of 3000000
 13094 multiletter control sequences out of 15000+200000
 42690 words of font info for 54 fonts, out of 3000000 for 9000
 1170 hyphenation exceptions out of 8191
 48i,19n,51p,1675b,528s stack positions out of 5000i,500n,10000p,200000b,50000s
{C:/Program Files/MiKTeX 2.9/fonts/enc/dvips/fontname/8r.enc}<C:/Program File
s/MiKTeX 2.9/fonts/type1/public/amsfonts/cm/cmmi12.pfb><C:/Program Files/MiKTeX
 2.9/fonts/type1/public/amsfonts/cm/cmmi8.pfb><C:/Program Files/MiKTeX 2.9/font
s/type1/public/amsfonts/cm/cmr12.pfb><C:/Program Files/MiKTeX 2.9/fonts/type1/p
ublic/amsfonts/cm/cmsy10.pfb><C:/Program Files/MiKTeX 2.9/fonts/type1/urw/couri
er/ucrr8a.pfb><C:/Program Files/MiKTeX 2.9/fonts/type1/urw/times/utmb8a.pfb><C:
/Program Files/MiKTeX 2.9/fonts/type1/urw/times/utmbi8a.pfb><C:/Program Files/M
iKTeX 2.9/fonts/type1/urw/times/utmr8a.pfb><C:/Program Files/MiKTeX 2.9/fonts/t
ype1/urw/times/utmri8a.pfb>
Output written on template-skripsi.pdf (112 pages, 17331646 bytes).
PDF statistics:
 1474 PDF objects out of 1728 (max. 8388607)
 382 named destinations out of 1000 (max. 500000)
 1016 words of extra memory for PDF output out of 10000 (max. 10000000)

